<?xml version="1.0" encoding="UTF-8"?>
<testsuite xmlns:xsi="http://www.w3.org/2001/XMLSchema-instance" xsi:noNamespaceSchemaLocation="https://maven.apache.org/surefire/maven-surefire-plugin/xsd/surefire-test-report.xsd" name="com.mindtree.calculatorapp.AppTest" time="0.037" tests="4" errors="0" skipped="0" failures="0">
  <properties>
[...]
</properties>
  <testcase name="testSum" classname="com.mindtree.calculatorapp.AppTest" time="0.002"/>
  <testcase name="testMinus" classname="com.mindtree.calculatorapp.AppTest" time="0"/>
  <testcase name="testDivide" classname="com.mindtree.calculatorapp.AppTest" time="0"/>
  <testcase name="testDivideWillThrowExceptionWhenDivideOnZero" classname="com.mindtree.calculatorapp.AppTest" time="0"/>
</testsuite>